2026-01-31 17:22:05,250 [INFO] Experiment 11: Activation Patching (Causal Tracing)
2026-01-31 17:22:05,250 [INFO] Start: 2026-01-31T17:22:05.250483
Loading google/gemma-2-2b-it...
Loading checkpoint shards:   0%|          | 0/2 [00:00<?, ?it/s]Loading checkpoint shards:  50%|█████     | 1/2 [00:10<00:10, 10.59s/it]Loading checkpoint shards: 100%|██████████| 2/2 [00:11<00:00,  4.69s/it]Loading checkpoint shards: 100%|██████████| 2/2 [00:11<00:00,  5.57s/it]
2026-01-31 17:22:24,729 [INFO] Model: google/gemma-2-2b-it (26 layers), test_layers=[0, 1, 2, 3, 4, 5, 6, 7, 8, 9, 10, 11, 12, 13, 14, 15, 16, 17, 18, 19, 20, 21, 22, 23, 24, 25]
2026-01-31 17:22:24,729 [INFO] Testing positions: ['first_query_token']
2026-01-31 17:22:24,729 [INFO] 
==================================================
2026-01-31 17:22:24,729 [INFO] Task: uppercase
2026-01-31 17:22:24,729 [INFO] ==================================================
The attention mask is not set and cannot be inferred from input because pad token is same as eos token. As a consequence, you may observe unexpected behavior. Please pass your input's `attention_mask` to obtain reliable results.
The 'max_batch_size' argument of HybridCache is deprecated and will be removed in v4.46. Use the more precisely named 'batch_size' argument instead.
Starting from v4.46, the `logits` model output will have the same type as the model (except at train time, where it will always be FP32)
2026-01-31 17:22:48,811 [INFO]   Baseline accuracy: 1.00
2026-01-31 17:22:48,811 [INFO] 
  Position: first_query_token
2026-01-31 17:23:29,548 [INFO]     Layer  0: acc@noise5.0=0.20 disruption=0.80 ***
2026-01-31 17:24:08,855 [INFO]     Layer  1: acc@noise5.0=0.50 disruption=0.50 ***
2026-01-31 17:24:58,912 [INFO]     Layer  2: acc@noise5.0=0.90 disruption=0.10 
2026-01-31 17:25:39,650 [INFO]     Layer  3: acc@noise5.0=0.70 disruption=0.30 ***
2026-01-31 17:26:18,801 [INFO]     Layer  4: acc@noise5.0=0.90 disruption=0.10 
2026-01-31 17:27:00,166 [INFO]     Layer  5: acc@noise5.0=0.90 disruption=0.10 
2026-01-31 17:27:39,620 [INFO]     Layer  6: acc@noise5.0=0.80 disruption=0.20 **
2026-01-31 17:28:18,725 [INFO]     Layer  7: acc@noise5.0=0.90 disruption=0.10 
2026-01-31 17:28:59,594 [INFO]     Layer  8: acc@noise5.0=0.90 disruption=0.10 
2026-01-31 17:29:39,553 [INFO]     Layer  9: acc@noise5.0=0.80 disruption=0.20 **
2026-01-31 17:30:19,256 [INFO]     Layer 10: acc@noise5.0=1.00 disruption=0.00 
2026-01-31 17:30:58,716 [INFO]     Layer 11: acc@noise5.0=0.80 disruption=0.20 **
2026-01-31 17:31:37,248 [INFO]     Layer 12: acc@noise5.0=0.90 disruption=0.10 
2026-01-31 17:32:17,318 [INFO]     Layer 13: acc@noise5.0=0.90 disruption=0.10 
2026-01-31 17:32:57,819 [INFO]     Layer 14: acc@noise5.0=0.90 disruption=0.10 
2026-01-31 17:33:37,811 [INFO]     Layer 15: acc@noise5.0=0.90 disruption=0.10 
2026-01-31 17:34:17,574 [INFO]     Layer 16: acc@noise5.0=1.00 disruption=0.00 
2026-01-31 17:34:57,576 [INFO]     Layer 17: acc@noise5.0=0.90 disruption=0.10 
2026-01-31 17:35:37,833 [INFO]     Layer 18: acc@noise5.0=0.90 disruption=0.10 
2026-01-31 17:36:18,338 [INFO]     Layer 19: acc@noise5.0=1.00 disruption=0.00 
2026-01-31 17:36:58,793 [INFO]     Layer 20: acc@noise5.0=1.00 disruption=0.00 
2026-01-31 17:37:39,152 [INFO]     Layer 21: acc@noise5.0=1.00 disruption=0.00 
2026-01-31 17:38:19,392 [INFO]     Layer 22: acc@noise5.0=1.00 disruption=0.00 
2026-01-31 17:39:02,766 [INFO]     Layer 23: acc@noise5.0=1.00 disruption=0.00 
2026-01-31 17:39:43,756 [INFO]     Layer 24: acc@noise5.0=1.00 disruption=0.00 
2026-01-31 17:40:24,426 [INFO]     Layer 25: acc@noise5.0=1.00 disruption=0.00 
2026-01-31 17:40:24,426 [INFO] 
==================================================
2026-01-31 17:40:24,426 [INFO] Task: first_letter
2026-01-31 17:40:24,426 [INFO] ==================================================
2026-01-31 17:40:44,737 [INFO]   Baseline accuracy: 1.00
2026-01-31 17:40:44,738 [INFO] 
  Position: first_query_token
2026-01-31 17:41:25,568 [INFO]     Layer  0: acc@noise5.0=0.40 disruption=0.60 ***
2026-01-31 17:42:08,404 [INFO]     Layer  1: acc@noise5.0=0.20 disruption=0.80 ***
2026-01-31 17:42:48,747 [INFO]     Layer  2: acc@noise5.0=0.50 disruption=0.50 ***
2026-01-31 17:43:29,487 [INFO]     Layer  3: acc@noise5.0=1.00 disruption=0.00 
2026-01-31 17:44:10,348 [INFO]     Layer  4: acc@noise5.0=0.90 disruption=0.10 
2026-01-31 17:44:52,113 [INFO]     Layer  5: acc@noise5.0=0.90 disruption=0.10 
2026-01-31 17:45:33,068 [INFO]     Layer  6: acc@noise5.0=0.70 disruption=0.30 ***
2026-01-31 17:46:13,424 [INFO]     Layer  7: acc@noise5.0=0.90 disruption=0.10 
2026-01-31 17:46:53,765 [INFO]     Layer  8: acc@noise5.0=0.90 disruption=0.10 
2026-01-31 17:47:34,652 [INFO]     Layer  9: acc@noise5.0=1.00 disruption=0.00 
2026-01-31 17:48:16,039 [INFO]     Layer 10: acc@noise5.0=0.90 disruption=0.10 
2026-01-31 17:48:56,734 [INFO]     Layer 11: acc@noise5.0=0.90 disruption=0.10 
2026-01-31 17:49:40,877 [INFO]     Layer 12: acc@noise5.0=0.60 disruption=0.40 ***
2026-01-31 17:50:22,557 [INFO]     Layer 13: acc@noise5.0=0.80 disruption=0.20 **
2026-01-31 17:51:05,268 [INFO]     Layer 14: acc@noise5.0=1.00 disruption=0.00 
2026-01-31 17:51:51,020 [INFO]     Layer 15: acc@noise5.0=0.90 disruption=0.10 
2026-01-31 17:52:32,472 [INFO]     Layer 16: acc@noise5.0=1.00 disruption=0.00 
2026-01-31 17:53:13,074 [INFO]     Layer 17: acc@noise5.0=1.00 disruption=0.00 
2026-01-31 17:53:54,098 [INFO]     Layer 18: acc@noise5.0=1.00 disruption=0.00 
2026-01-31 17:54:34,772 [INFO]     Layer 19: acc@noise5.0=1.00 disruption=0.00 
2026-01-31 17:55:18,461 [INFO]     Layer 20: acc@noise5.0=1.00 disruption=0.00 
2026-01-31 17:56:00,380 [INFO]     Layer 21: acc@noise5.0=1.00 disruption=0.00 
2026-01-31 17:56:43,646 [INFO]     Layer 22: acc@noise5.0=1.00 disruption=0.00 
2026-01-31 17:57:25,061 [INFO]     Layer 23: acc@noise5.0=1.00 disruption=0.00 
2026-01-31 17:58:07,416 [INFO]     Layer 24: acc@noise5.0=1.00 disruption=0.00 
2026-01-31 17:58:50,097 [INFO]     Layer 25: acc@noise5.0=1.00 disruption=0.00 
2026-01-31 17:58:50,098 [INFO] 
==================================================
2026-01-31 17:58:50,098 [INFO] Task: repeat_word
2026-01-31 17:58:50,098 [INFO] ==================================================
2026-01-31 17:59:11,750 [INFO]   Baseline accuracy: 1.00
2026-01-31 17:59:11,750 [INFO] 
  Position: first_query_token
2026-01-31 17:59:51,346 [INFO]     Layer  0: acc@noise5.0=0.50 disruption=0.50 ***
2026-01-31 18:00:30,740 [INFO]     Layer  1: acc@noise5.0=0.80 disruption=0.20 **
2026-01-31 18:01:13,420 [INFO]     Layer  2: acc@noise5.0=1.00 disruption=0.00 
2026-01-31 18:02:00,383 [INFO]     Layer  3: acc@noise5.0=1.00 disruption=0.00 
2026-01-31 18:02:42,197 [INFO]     Layer  4: acc@noise5.0=1.00 disruption=0.00 
2026-01-31 18:03:23,669 [INFO]     Layer  5: acc@noise5.0=1.00 disruption=0.00 
2026-01-31 18:04:04,849 [INFO]     Layer  6: acc@noise5.0=1.00 disruption=0.00 
2026-01-31 18:04:45,856 [INFO]     Layer  7: acc@noise5.0=1.00 disruption=0.00 
2026-01-31 18:05:27,511 [INFO]     Layer  8: acc@noise5.0=1.00 disruption=0.00 
2026-01-31 18:06:09,796 [INFO]     Layer  9: acc@noise5.0=1.00 disruption=0.00 
2026-01-31 18:06:51,179 [INFO]     Layer 10: acc@noise5.0=1.00 disruption=0.00 
2026-01-31 18:07:32,331 [INFO]     Layer 11: acc@noise5.0=1.00 disruption=0.00 
2026-01-31 18:08:17,553 [INFO]     Layer 12: acc@noise5.0=1.00 disruption=0.00 
2026-01-31 18:08:59,482 [INFO]     Layer 13: acc@noise5.0=1.00 disruption=0.00 
2026-01-31 18:09:40,849 [INFO]     Layer 14: acc@noise5.0=1.00 disruption=0.00 
2026-01-31 18:10:22,190 [INFO]     Layer 15: acc@noise5.0=1.00 disruption=0.00 
2026-01-31 18:11:03,583 [INFO]     Layer 16: acc@noise5.0=1.00 disruption=0.00 
2026-01-31 18:11:45,073 [INFO]     Layer 17: acc@noise5.0=1.00 disruption=0.00 
2026-01-31 18:12:26,535 [INFO]     Layer 18: acc@noise5.0=1.00 disruption=0.00 
2026-01-31 18:13:09,813 [INFO]     Layer 19: acc@noise5.0=1.00 disruption=0.00 
2026-01-31 18:13:51,934 [INFO]     Layer 20: acc@noise5.0=1.00 disruption=0.00 
2026-01-31 18:14:36,823 [INFO]     Layer 21: acc@noise5.0=1.00 disruption=0.00 
2026-01-31 18:15:18,506 [INFO]     Layer 22: acc@noise5.0=1.00 disruption=0.00 
2026-01-31 18:15:59,751 [INFO]     Layer 23: acc@noise5.0=1.00 disruption=0.00 
2026-01-31 18:16:41,506 [INFO]     Layer 24: acc@noise5.0=1.00 disruption=0.00 
2026-01-31 18:17:23,396 [INFO]     Layer 25: acc@noise5.0=1.00 disruption=0.00 
2026-01-31 18:17:23,396 [INFO] 
==================================================
2026-01-31 18:17:23,396 [INFO] Task: length
2026-01-31 18:17:23,396 [INFO] ==================================================
2026-01-31 18:17:44,196 [INFO]   Baseline accuracy: 1.00
2026-01-31 18:17:44,196 [INFO] 
  Position: first_query_token
2026-01-31 18:18:25,741 [INFO]     Layer  0: acc@noise5.0=1.00 disruption=0.00 
2026-01-31 18:19:09,057 [INFO]     Layer  1: acc@noise5.0=1.00 disruption=0.00 
2026-01-31 18:19:50,900 [INFO]     Layer  2: acc@noise5.0=1.00 disruption=0.00 
2026-01-31 18:20:32,965 [INFO]     Layer  3: acc@noise5.0=1.00 disruption=0.00 
2026-01-31 18:21:19,878 [INFO]     Layer  4: acc@noise5.0=1.00 disruption=0.00 
2026-01-31 18:22:05,973 [INFO]     Layer  5: acc@noise5.0=1.00 disruption=0.00 
2026-01-31 18:22:49,527 [INFO]     Layer  6: acc@noise5.0=1.00 disruption=0.00 
2026-01-31 18:23:35,911 [INFO]     Layer  7: acc@noise5.0=1.00 disruption=0.00 
2026-01-31 18:24:19,922 [INFO]     Layer  8: acc@noise5.0=1.00 disruption=0.00 
2026-01-31 18:25:01,728 [INFO]     Layer  9: acc@noise5.0=1.00 disruption=0.00 
2026-01-31 18:25:50,451 [INFO]     Layer 10: acc@noise5.0=1.00 disruption=0.00 
2026-01-31 18:26:41,332 [INFO]     Layer 11: acc@noise5.0=1.00 disruption=0.00 
2026-01-31 18:27:24,660 [INFO]     Layer 12: acc@noise5.0=1.00 disruption=0.00 
2026-01-31 18:28:06,044 [INFO]     Layer 13: acc@noise5.0=1.00 disruption=0.00 
2026-01-31 18:28:47,820 [INFO]     Layer 14: acc@noise5.0=1.00 disruption=0.00 
2026-01-31 18:29:29,755 [INFO]     Layer 15: acc@noise5.0=1.00 disruption=0.00 
2026-01-31 18:30:13,066 [INFO]     Layer 16: acc@noise5.0=1.00 disruption=0.00 
2026-01-31 18:30:57,497 [INFO]     Layer 17: acc@noise5.0=1.00 disruption=0.00 
2026-01-31 18:31:40,526 [INFO]     Layer 18: acc@noise5.0=1.00 disruption=0.00 
2026-01-31 18:32:21,911 [INFO]     Layer 19: acc@noise5.0=1.00 disruption=0.00 
2026-01-31 18:33:03,525 [INFO]     Layer 20: acc@noise5.0=1.00 disruption=0.00 
2026-01-31 18:33:51,958 [INFO]     Layer 21: acc@noise5.0=1.00 disruption=0.00 
2026-01-31 18:34:35,941 [INFO]     Layer 22: acc@noise5.0=1.00 disruption=0.00 
2026-01-31 18:35:18,075 [INFO]     Layer 23: acc@noise5.0=1.00 disruption=0.00 
2026-01-31 18:36:00,710 [INFO]     Layer 24: acc@noise5.0=1.00 disruption=0.00 
2026-01-31 18:36:42,848 [INFO]     Layer 25: acc@noise5.0=1.00 disruption=0.00 
2026-01-31 18:36:42,848 [INFO] 
==================================================
2026-01-31 18:36:42,848 [INFO] Task: linear_2x
2026-01-31 18:36:42,848 [INFO] ==================================================
2026-01-31 18:37:04,183 [INFO]   Baseline accuracy: 0.20
2026-01-31 18:37:04,183 [INFO] 
  Position: first_query_token
2026-01-31 18:37:45,840 [INFO]     Layer  0: acc@noise5.0=0.10 disruption=0.10 
2026-01-31 18:38:28,890 [INFO]     Layer  1: acc@noise5.0=0.10 disruption=0.10 
2026-01-31 18:39:10,825 [INFO]     Layer  2: acc@noise5.0=0.30 disruption=-0.10 
2026-01-31 18:39:52,248 [INFO]     Layer  3: acc@noise5.0=0.20 disruption=0.00 
2026-01-31 18:40:34,271 [INFO]     Layer  4: acc@noise5.0=0.10 disruption=0.10 
2026-01-31 18:41:15,615 [INFO]     Layer  5: acc@noise5.0=0.20 disruption=0.00 
2026-01-31 18:41:56,873 [INFO]     Layer  6: acc@noise5.0=0.20 disruption=0.00 
2026-01-31 18:42:40,949 [INFO]     Layer  7: acc@noise5.0=0.30 disruption=-0.10 
2026-01-31 18:43:22,381 [INFO]     Layer  8: acc@noise5.0=0.20 disruption=0.00 
2026-01-31 18:44:06,075 [INFO]     Layer  9: acc@noise5.0=0.20 disruption=0.00 
2026-01-31 18:44:48,212 [INFO]     Layer 10: acc@noise5.0=0.30 disruption=-0.10 
2026-01-31 18:45:33,417 [INFO]     Layer 11: acc@noise5.0=0.20 disruption=0.00 
2026-01-31 18:46:17,361 [INFO]     Layer 12: acc@noise5.0=0.20 disruption=0.00 
2026-01-31 18:46:59,884 [INFO]     Layer 13: acc@noise5.0=0.30 disruption=-0.10 
2026-01-31 18:47:43,497 [INFO]     Layer 14: acc@noise5.0=0.20 disruption=0.00 
2026-01-31 18:48:27,643 [INFO]     Layer 15: acc@noise5.0=0.20 disruption=0.00 
2026-01-31 18:49:12,880 [INFO]     Layer 16: acc@noise5.0=0.20 disruption=0.00 
2026-01-31 18:49:56,504 [INFO]     Layer 17: acc@noise5.0=0.10 disruption=0.10 
2026-01-31 18:50:38,770 [INFO]     Layer 18: acc@noise5.0=0.20 disruption=0.00 
2026-01-31 18:51:20,143 [INFO]     Layer 19: acc@noise5.0=0.20 disruption=0.00 
2026-01-31 18:52:07,189 [INFO]     Layer 20: acc@noise5.0=0.20 disruption=0.00 
2026-01-31 18:52:48,695 [INFO]     Layer 21: acc@noise5.0=0.20 disruption=0.00 
2026-01-31 18:53:31,245 [INFO]     Layer 22: acc@noise5.0=0.20 disruption=0.00 
2026-01-31 18:54:12,608 [INFO]     Layer 23: acc@noise5.0=0.20 disruption=0.00 
2026-01-31 18:54:54,935 [INFO]     Layer 24: acc@noise5.0=0.20 disruption=0.00 
2026-01-31 18:55:39,705 [INFO]     Layer 25: acc@noise5.0=0.20 disruption=0.00 
2026-01-31 18:55:39,705 [INFO] 
==================================================
2026-01-31 18:55:39,705 [INFO] Task: sentiment
2026-01-31 18:55:39,705 [INFO] ==================================================
2026-01-31 18:56:00,346 [INFO]   Baseline accuracy: 1.00
2026-01-31 18:56:00,346 [INFO] 
  Position: first_query_token
2026-01-31 18:56:42,004 [INFO]     Layer  0: acc@noise5.0=0.80 disruption=0.20 **
2026-01-31 18:57:23,162 [INFO]     Layer  1: acc@noise5.0=0.80 disruption=0.20 **
2026-01-31 18:58:06,818 [INFO]     Layer  2: acc@noise5.0=1.00 disruption=0.00 
2026-01-31 18:58:51,029 [INFO]     Layer  3: acc@noise5.0=0.80 disruption=0.20 **
2026-01-31 18:59:33,199 [INFO]     Layer  4: acc@noise5.0=0.60 disruption=0.40 ***
2026-01-31 19:00:14,760 [INFO]     Layer  5: acc@noise5.0=0.90 disruption=0.10 
2026-01-31 19:00:56,166 [INFO]     Layer  6: acc@noise5.0=1.00 disruption=0.00 
2026-01-31 19:01:38,107 [INFO]     Layer  7: acc@noise5.0=1.00 disruption=0.00 
2026-01-31 19:02:19,727 [INFO]     Layer  8: acc@noise5.0=1.00 disruption=0.00 
2026-01-31 19:03:01,708 [INFO]     Layer  9: acc@noise5.0=1.00 disruption=0.00 
2026-01-31 19:03:43,419 [INFO]     Layer 10: acc@noise5.0=1.00 disruption=0.00 
2026-01-31 19:04:25,370 [INFO]     Layer 11: acc@noise5.0=1.00 disruption=0.00 
2026-01-31 19:05:14,243 [INFO]     Layer 12: acc@noise5.0=1.00 disruption=0.00 
2026-01-31 19:05:58,178 [INFO]     Layer 13: acc@noise5.0=1.00 disruption=0.00 
2026-01-31 19:06:40,369 [INFO]     Layer 14: acc@noise5.0=1.00 disruption=0.00 
2026-01-31 19:07:21,736 [INFO]     Layer 15: acc@noise5.0=1.00 disruption=0.00 
2026-01-31 19:08:07,533 [INFO]     Layer 16: acc@noise5.0=1.00 disruption=0.00 
2026-01-31 19:08:49,123 [INFO]     Layer 17: acc@noise5.0=1.00 disruption=0.00 
2026-01-31 19:09:30,663 [INFO]     Layer 18: acc@noise5.0=1.00 disruption=0.00 
2026-01-31 19:10:12,367 [INFO]     Layer 19: acc@noise5.0=1.00 disruption=0.00 
2026-01-31 19:10:55,947 [INFO]     Layer 20: acc@noise5.0=1.00 disruption=0.00 
2026-01-31 19:11:37,447 [INFO]     Layer 21: acc@noise5.0=1.00 disruption=0.00 
2026-01-31 19:12:22,938 [INFO]     Layer 22: acc@noise5.0=1.00 disruption=0.00 
2026-01-31 19:13:06,407 [INFO]     Layer 23: acc@noise5.0=1.00 disruption=0.00 
2026-01-31 19:13:48,106 [INFO]     Layer 24: acc@noise5.0=1.00 disruption=0.00 
2026-01-31 19:14:30,153 [INFO]     Layer 25: acc@noise5.0=1.00 disruption=0.00 
2026-01-31 19:14:30,154 [INFO] 
==================================================
2026-01-31 19:14:30,154 [INFO] Task: antonym
2026-01-31 19:14:30,154 [INFO] ==================================================
2026-01-31 19:14:50,449 [INFO]   Baseline accuracy: 1.00
2026-01-31 19:14:50,450 [INFO] 
  Position: first_query_token
2026-01-31 19:15:31,608 [INFO]     Layer  0: acc@noise5.0=0.70 disruption=0.30 ***
2026-01-31 19:16:13,202 [INFO]     Layer  1: acc@noise5.0=0.80 disruption=0.20 **
2026-01-31 19:16:53,000 [INFO]     Layer  2: acc@noise5.0=0.80 disruption=0.20 **
2026-01-31 19:17:33,007 [INFO]     Layer  3: acc@noise5.0=0.80 disruption=0.20 **
2026-01-31 19:18:13,306 [INFO]     Layer  4: acc@noise5.0=1.00 disruption=0.00 
2026-01-31 19:18:53,999 [INFO]     Layer  5: acc@noise5.0=0.90 disruption=0.10 
2026-01-31 19:19:35,953 [INFO]     Layer  6: acc@noise5.0=1.00 disruption=0.00 
2026-01-31 19:20:19,586 [INFO]     Layer  7: acc@noise5.0=0.90 disruption=0.10 
2026-01-31 19:21:13,157 [INFO]     Layer  8: acc@noise5.0=0.90 disruption=0.10 
2026-01-31 19:21:52,767 [INFO]     Layer  9: acc@noise5.0=1.00 disruption=0.00 
2026-01-31 19:22:34,380 [INFO]     Layer 10: acc@noise5.0=0.90 disruption=0.10 
2026-01-31 19:23:14,394 [INFO]     Layer 11: acc@noise5.0=1.00 disruption=0.00 
2026-01-31 19:23:54,005 [INFO]     Layer 12: acc@noise5.0=1.00 disruption=0.00 
2026-01-31 19:24:36,313 [INFO]     Layer 13: acc@noise5.0=1.00 disruption=0.00 
2026-01-31 19:25:18,814 [INFO]     Layer 14: acc@noise5.0=1.00 disruption=0.00 
2026-01-31 19:25:58,304 [INFO]     Layer 15: acc@noise5.0=1.00 disruption=0.00 
2026-01-31 19:26:37,719 [INFO]     Layer 16: acc@noise5.0=1.00 disruption=0.00 
2026-01-31 19:27:17,983 [INFO]     Layer 17: acc@noise5.0=1.00 disruption=0.00 
2026-01-31 19:27:59,905 [INFO]     Layer 18: acc@noise5.0=1.00 disruption=0.00 
2026-01-31 19:28:40,017 [INFO]     Layer 19: acc@noise5.0=1.00 disruption=0.00 
2026-01-31 19:29:21,935 [INFO]     Layer 20: acc@noise5.0=1.00 disruption=0.00 
2026-01-31 19:30:01,698 [INFO]     Layer 21: acc@noise5.0=1.00 disruption=0.00 
2026-01-31 19:30:42,655 [INFO]     Layer 22: acc@noise5.0=1.00 disruption=0.00 
2026-01-31 19:31:22,839 [INFO]     Layer 23: acc@noise5.0=1.00 disruption=0.00 
2026-01-31 19:32:03,427 [INFO]     Layer 24: acc@noise5.0=1.00 disruption=0.00 
2026-01-31 19:32:43,352 [INFO]     Layer 25: acc@noise5.0=1.00 disruption=0.00 
2026-01-31 19:32:43,353 [INFO] 
==================================================
2026-01-31 19:32:43,353 [INFO] Task: pattern_completion
2026-01-31 19:32:43,353 [INFO] ==================================================
2026-01-31 19:33:04,139 [INFO]   Baseline accuracy: 0.40
2026-01-31 19:33:04,139 [INFO] 
  Position: first_query_token
2026-01-31 19:33:45,758 [INFO]     Layer  0: acc@noise5.0=0.10 disruption=0.30 ***
2026-01-31 19:34:28,631 [INFO]     Layer  1: acc@noise5.0=0.10 disruption=0.30 ***
2026-01-31 19:35:12,716 [INFO]     Layer  2: acc@noise5.0=0.10 disruption=0.30 ***
2026-01-31 19:36:00,022 [INFO]     Layer  3: acc@noise5.0=0.30 disruption=0.10 **
2026-01-31 19:36:48,480 [INFO]     Layer  4: acc@noise5.0=0.30 disruption=0.10 **
2026-01-31 19:37:30,062 [INFO]     Layer  5: acc@noise5.0=0.40 disruption=0.00 
2026-01-31 19:38:12,014 [INFO]     Layer  6: acc@noise5.0=0.30 disruption=0.10 **
2026-01-31 19:39:01,196 [INFO]     Layer  7: acc@noise5.0=0.20 disruption=0.20 **
2026-01-31 19:39:42,808 [INFO]     Layer  8: acc@noise5.0=0.40 disruption=0.00 
2026-01-31 19:40:24,628 [INFO]     Layer  9: acc@noise5.0=0.40 disruption=0.00 
2026-01-31 19:41:07,729 [INFO]     Layer 10: acc@noise5.0=0.40 disruption=0.00 
2026-01-31 19:41:51,474 [INFO]     Layer 11: acc@noise5.0=0.40 disruption=0.00 
2026-01-31 19:42:38,583 [INFO]     Layer 12: acc@noise5.0=0.30 disruption=0.10 **
2026-01-31 19:43:23,495 [INFO]     Layer 13: acc@noise5.0=0.50 disruption=-0.10 
2026-01-31 19:44:05,527 [INFO]     Layer 14: acc@noise5.0=0.40 disruption=0.00 
2026-01-31 19:44:49,512 [INFO]     Layer 15: acc@noise5.0=0.40 disruption=0.00 
2026-01-31 19:45:32,336 [INFO]     Layer 16: acc@noise5.0=0.40 disruption=0.00 
2026-01-31 19:46:15,640 [INFO]     Layer 17: acc@noise5.0=0.40 disruption=0.00 
2026-01-31 19:46:57,910 [INFO]     Layer 18: acc@noise5.0=0.40 disruption=0.00 
2026-01-31 19:47:39,413 [INFO]     Layer 19: acc@noise5.0=0.40 disruption=0.00 
2026-01-31 19:48:21,802 [INFO]     Layer 20: acc@noise5.0=0.40 disruption=0.00 
2026-01-31 19:49:04,319 [INFO]     Layer 21: acc@noise5.0=0.40 disruption=0.00 
2026-01-31 19:49:54,320 [INFO]     Layer 22: acc@noise5.0=0.40 disruption=0.00 
2026-01-31 19:50:39,967 [INFO]     Layer 23: acc@noise5.0=0.40 disruption=0.00 
2026-01-31 19:51:25,070 [INFO]     Layer 24: acc@noise5.0=0.40 disruption=0.00 
2026-01-31 19:52:07,656 [INFO]     Layer 25: acc@noise5.0=0.40 disruption=0.00 
2026-01-31 19:52:07,657 [INFO] 
============================================================
2026-01-31 19:52:07,657 [INFO] CAUSAL IMPORTANCE HEATMAP (disruption at noise=5.0)
2026-01-31 19:52:07,657 [INFO] ============================================================
2026-01-31 19:52:07,657 [INFO] 
Position: first_query_token
2026-01-31 19:52:07,657 [INFO] Layer:      0      1      2      3      4      5      6      7      8      9     10     11     12     13     14     15     16     17     18     19     20     21     22     23     24     25
2026-01-31 19:52:07,657 [INFO] uppercase   :  0.80   0.50   0.10   0.30   0.10   0.10   0.20   0.10   0.10   0.20   0.00   0.20   0.10   0.10   0.10   0.10   0.00   0.10   0.10   0.00   0.00   0.00   0.00   0.00   0.00   0.00
2026-01-31 19:52:07,657 [INFO] first_letter:  0.60   0.80   0.50   0.00   0.10   0.10   0.30   0.10   0.10   0.00   0.10   0.10   0.40   0.20   0.00   0.10   0.00   0.00   0.00   0.00   0.00   0.00   0.00   0.00   0.00   0.00
2026-01-31 19:52:07,657 [INFO] repeat_word :  0.50   0.20   0.00   0.00   0.00   0.00   0.00   0.00   0.00   0.00   0.00   0.00   0.00   0.00   0.00   0.00   0.00   0.00   0.00   0.00   0.00   0.00   0.00   0.00   0.00   0.00
2026-01-31 19:52:07,658 [INFO] length      :  0.00   0.00   0.00   0.00   0.00   0.00   0.00   0.00   0.00   0.00   0.00   0.00   0.00   0.00   0.00   0.00   0.00   0.00   0.00   0.00   0.00   0.00   0.00   0.00   0.00   0.00
2026-01-31 19:52:07,658 [INFO] linear_2x   :  0.10   0.10  -0.10   0.00   0.10   0.00   0.00  -0.10   0.00   0.00  -0.10   0.00   0.00  -0.10   0.00   0.00   0.00   0.10   0.00   0.00   0.00   0.00   0.00   0.00   0.00   0.00
2026-01-31 19:52:07,658 [INFO] sentiment   :  0.20   0.20   0.00   0.20   0.40   0.10   0.00   0.00   0.00   0.00   0.00   0.00   0.00   0.00   0.00   0.00   0.00   0.00   0.00   0.00   0.00   0.00   0.00   0.00   0.00   0.00
2026-01-31 19:52:07,658 [INFO] antonym     :  0.30   0.20   0.20   0.20   0.00   0.10   0.00   0.10   0.10   0.00   0.10   0.00   0.00   0.00   0.00   0.00   0.00   0.00   0.00   0.00   0.00   0.00   0.00   0.00   0.00   0.00
2026-01-31 19:52:07,658 [INFO] pattern_completion:  0.30   0.30   0.30   0.10   0.10   0.00   0.10   0.20   0.00   0.00   0.00   0.00   0.10  -0.10   0.00   0.00   0.00   0.00   0.00   0.00   0.00   0.00   0.00   0.00   0.00   0.00
2026-01-31 19:52:07,658 [INFO] 
============================================================
2026-01-31 19:52:07,658 [INFO] MOST CRITICAL LAYERS (mean disruption > 0.1)
2026-01-31 19:52:07,658 [INFO] ============================================================
2026-01-31 19:52:07,658 [INFO] 
first_query_token:
2026-01-31 19:52:07,659 [INFO]   Layer  0: mean disruption = 0.350
2026-01-31 19:52:07,659 [INFO]   Layer  1: mean disruption = 0.287
2026-01-31 19:52:07,659 [INFO]   Layer  2: mean disruption = 0.125
2026-01-31 19:52:07,667 [INFO] 
Results saved to results/gemma-2-2b-it/exp11
2026-01-31 19:52:07,667 [INFO] Experiment 11 complete: 2026-01-31T19:52:07.667152
Loaded on cuda:2. 26 layers, d_model=2304
