2026-01-28 20:13:32,524 [INFO] Experiment 14: Minimal Demonstration Ablation
2026-01-28 20:13:32,524 [INFO] Start: 2026-01-28T20:13:32.524944
2026-01-28 20:14:00,413 [INFO] ============================================================
2026-01-28 20:14:00,414 [INFO] Part A: Task Accuracy vs Demo Count
2026-01-28 20:14:00,414 [INFO] ============================================================
2026-01-28 20:15:52,013 [INFO]   uppercase: 1shot=1.00 2shot=1.00 3shot=1.00 4shot=1.00 5shot=1.00
2026-01-28 20:17:43,329 [INFO]   first_letter: 1shot=0.00 2shot=1.00 3shot=1.00 4shot=1.00 5shot=1.00
2026-01-28 20:19:34,366 [INFO]   repeat_word: 1shot=0.73 2shot=1.00 3shot=1.00 4shot=1.00 5shot=1.00
2026-01-28 20:21:24,005 [INFO]   length: 1shot=0.13 2shot=1.00 3shot=1.00 4shot=1.00 5shot=1.00
2026-01-28 20:23:14,384 [INFO]   linear_2x: 1shot=0.60 2shot=0.87 3shot=0.87 4shot=1.00 5shot=1.00
2026-01-28 20:25:05,757 [INFO]   sentiment: 1shot=0.67 2shot=0.80 3shot=1.00 4shot=1.00 5shot=1.00
2026-01-28 20:26:56,458 [INFO]   antonym: 1shot=1.00 2shot=1.00 3shot=1.00 4shot=1.00 5shot=1.00
2026-01-28 20:28:44,363 [INFO]   pattern_completion: 1shot=1.00 2shot=1.00 3shot=1.00 4shot=1.00 5shot=1.00
2026-01-28 20:28:44,364 [INFO] 
============================================================
2026-01-28 20:28:44,364 [INFO] Part B: Transplant Transfer Rate vs Demo Count
2026-01-28 20:28:44,364 [INFO] ============================================================
2026-01-28 20:28:44,364 [INFO] 
  Pair: uppercase → sentiment
2026-01-28 20:28:58,807 [INFO]     1shot=0.00 2shot=0.00 3shot=0.00 4shot=0.00 5shot=0.00
2026-01-28 20:28:58,808 [INFO] 
  Pair: linear_2x → first_letter
2026-01-28 20:29:13,232 [INFO]     1shot=0.00 2shot=0.00 3shot=0.00 4shot=0.00 5shot=0.00
2026-01-28 20:29:13,233 [INFO] 
  Pair: pattern_completion → repeat_word
2026-01-28 20:29:34,043 [INFO]     1shot=1.00 2shot=1.00 3shot=1.00 4shot=1.00 5shot=1.00
2026-01-28 20:29:34,044 [INFO] 
============================================================
2026-01-28 20:29:34,044 [INFO] Part C: Probe Accuracy at Query Position vs Demo Count
2026-01-28 20:29:34,044 [INFO] ============================================================
2026-01-28 20:29:42,371 [INFO]   1-shot: probe accuracy = 0.533
2026-01-28 20:29:51,252 [INFO]   2-shot: probe accuracy = 0.583
2026-01-28 20:29:59,891 [INFO]   3-shot: probe accuracy = 0.550
2026-01-28 20:30:08,762 [INFO]   4-shot: probe accuracy = 0.550
2026-01-28 20:30:17,633 [INFO]   5-shot: probe accuracy = 0.558
2026-01-28 20:30:17,633 [INFO] 
============================================================
2026-01-28 20:30:17,633 [INFO] SUMMARY
2026-01-28 20:30:17,633 [INFO] ============================================================
2026-01-28 20:30:17,633 [INFO] 
Mean task accuracy by demo count:
2026-01-28 20:30:17,633 [INFO]   1-shot: 0.642
2026-01-28 20:30:17,633 [INFO]   2-shot: 0.958
2026-01-28 20:30:17,633 [INFO]   3-shot: 0.983
2026-01-28 20:30:17,634 [INFO]   4-shot: 1.000
2026-01-28 20:30:17,634 [INFO]   5-shot: 1.000
2026-01-28 20:30:17,634 [INFO] 
Mean transfer rate by demo count:
2026-01-28 20:30:17,634 [INFO]   1-shot: 0.333
2026-01-28 20:30:17,634 [INFO]   2-shot: 0.333
2026-01-28 20:30:17,634 [INFO]   3-shot: 0.333
2026-01-28 20:30:17,634 [INFO]   4-shot: 0.333
2026-01-28 20:30:17,634 [INFO]   5-shot: 0.333
2026-01-28 20:30:17,634 [INFO] 
Probe accuracy (query position, layer 12) by demo count:
2026-01-28 20:30:17,634 [INFO]   1-shot: 0.533
2026-01-28 20:30:17,634 [INFO]   2-shot: 0.583
2026-01-28 20:30:17,634 [INFO]   3-shot: 0.550
2026-01-28 20:30:17,634 [INFO]   4-shot: 0.550
2026-01-28 20:30:17,634 [INFO]   5-shot: 0.558
2026-01-28 20:30:17,635 [INFO] 
Results saved to results/exp14
2026-01-28 20:30:17,635 [INFO] Experiment 14 complete: 2026-01-28T20:30:17.635929
