2026-01-28 00:41:19,284 [INFO] Phase 5: Locality Analysis
2026-01-28 00:41:19,284 [INFO] Start: 2026-01-28T00:41:19.284783
2026-01-28 00:41:19,285 [INFO] Optimal layer=14, n_layers=28
2026-01-28 00:41:41,909 [INFO] Testing layers: [0, 1, 2, 3, 4, 5, 6, 7, 8, 9, 10, 11, 12, 13, 14, 15, 16, 17, 18, 19, 20, 21, 22, 23, 24, 25, 26, 27]
2026-01-28 00:41:41,910 [INFO] 
==================================================
2026-01-28 00:41:41,910 [INFO] Pair: uppercase → sentiment
2026-01-28 00:41:41,910 [INFO] ==================================================
2026-01-28 00:41:41,910 [INFO]   Extracting source vectors at all 28 layers...
2026-01-28 00:42:05,583 [INFO]   Layer  0: transfer_rate=0.00
2026-01-28 00:42:06,981 [INFO]   Layer  1: transfer_rate=0.00
2026-01-28 00:42:08,383 [INFO]   Layer  2: transfer_rate=0.00
2026-01-28 00:42:09,791 [INFO]   Layer  3: transfer_rate=0.00
2026-01-28 00:42:11,213 [INFO]   Layer  4: transfer_rate=0.00
2026-01-28 00:42:12,630 [INFO]   Layer  5: transfer_rate=0.00
2026-01-28 00:42:14,038 [INFO]   Layer  6: transfer_rate=0.00
2026-01-28 00:42:15,451 [INFO]   Layer  7: transfer_rate=0.00
2026-01-28 00:42:16,868 [INFO]   Layer  8: transfer_rate=0.00
2026-01-28 00:42:18,294 [INFO]   Layer  9: transfer_rate=0.00
2026-01-28 00:42:19,704 [INFO]   Layer 10: transfer_rate=0.00
2026-01-28 00:42:21,110 [INFO]   Layer 11: transfer_rate=0.00
2026-01-28 00:42:22,517 [INFO]   Layer 12: transfer_rate=0.00
2026-01-28 00:42:23,930 [INFO]   Layer 13: transfer_rate=0.00
2026-01-28 00:42:25,335 [INFO]   Layer 14: transfer_rate=0.00
2026-01-28 00:42:26,746 [INFO]   Layer 15: transfer_rate=0.00
2026-01-28 00:42:28,155 [INFO]   Layer 16: transfer_rate=0.00
2026-01-28 00:42:29,567 [INFO]   Layer 17: transfer_rate=0.00
2026-01-28 00:42:30,978 [INFO]   Layer 18: transfer_rate=0.00
2026-01-28 00:42:32,424 [INFO]   Layer 19: transfer_rate=0.00
2026-01-28 00:42:33,849 [INFO]   Layer 20: transfer_rate=0.00
2026-01-28 00:42:35,278 [INFO]   Layer 21: transfer_rate=0.00
2026-01-28 00:42:36,698 [INFO]   Layer 22: transfer_rate=0.00
2026-01-28 00:42:38,112 [INFO]   Layer 23: transfer_rate=0.00
2026-01-28 00:42:39,536 [INFO]   Layer 24: transfer_rate=0.00
2026-01-28 00:42:40,964 [INFO]   Layer 25: transfer_rate=0.00
2026-01-28 00:42:42,403 [INFO]   Layer 26: transfer_rate=0.00
2026-01-28 00:42:43,832 [INFO]   Layer 27: transfer_rate=0.00
2026-01-28 00:42:43,833 [INFO]   Peak: layer=0, rate=0.00, localization_idx=0.0000
2026-01-28 00:42:43,834 [INFO] 
==================================================
2026-01-28 00:42:43,834 [INFO] Pair: linear_2x → pattern_completion
2026-01-28 00:42:43,834 [INFO] ==================================================
2026-01-28 00:42:43,834 [INFO]   Extracting source vectors at all 28 layers...
2026-01-28 00:43:06,426 [INFO]   Layer  0: transfer_rate=0.00
2026-01-28 00:43:08,020 [INFO]   Layer  1: transfer_rate=0.00
2026-01-28 00:43:09,551 [INFO]   Layer  2: transfer_rate=0.00
2026-01-28 00:43:11,141 [INFO]   Layer  3: transfer_rate=0.00
2026-01-28 00:43:12,729 [INFO]   Layer  4: transfer_rate=0.00
2026-01-28 00:43:14,272 [INFO]   Layer  5: transfer_rate=0.00
2026-01-28 00:43:15,811 [INFO]   Layer  6: transfer_rate=0.00
2026-01-28 00:43:17,350 [INFO]   Layer  7: transfer_rate=0.00
2026-01-28 00:43:18,914 [INFO]   Layer  8: transfer_rate=0.00
2026-01-28 00:43:20,530 [INFO]   Layer  9: transfer_rate=0.00
2026-01-28 00:43:22,159 [INFO]   Layer 10: transfer_rate=0.00
2026-01-28 00:43:23,789 [INFO]   Layer 11: transfer_rate=0.00
2026-01-28 00:43:25,412 [INFO]   Layer 12: transfer_rate=0.00
2026-01-28 00:43:27,039 [INFO]   Layer 13: transfer_rate=0.00
2026-01-28 00:43:28,674 [INFO]   Layer 14: transfer_rate=0.00
2026-01-28 00:43:30,310 [INFO]   Layer 15: transfer_rate=0.00
2026-01-28 00:43:31,945 [INFO]   Layer 16: transfer_rate=0.00
2026-01-28 00:43:33,573 [INFO]   Layer 17: transfer_rate=0.00
2026-01-28 00:43:35,189 [INFO]   Layer 18: transfer_rate=0.00
2026-01-28 00:43:36,804 [INFO]   Layer 19: transfer_rate=0.00
2026-01-28 00:43:38,427 [INFO]   Layer 20: transfer_rate=0.00
2026-01-28 00:43:40,046 [INFO]   Layer 21: transfer_rate=0.00
2026-01-28 00:43:41,665 [INFO]   Layer 22: transfer_rate=0.00
2026-01-28 00:43:43,286 [INFO]   Layer 23: transfer_rate=0.00
2026-01-28 00:43:44,903 [INFO]   Layer 24: transfer_rate=0.00
2026-01-28 00:43:46,519 [INFO]   Layer 25: transfer_rate=0.00
2026-01-28 00:43:48,136 [INFO]   Layer 26: transfer_rate=0.00
2026-01-28 00:43:49,764 [INFO]   Layer 27: transfer_rate=0.00
2026-01-28 00:43:49,765 [INFO]   Peak: layer=0, rate=0.00, localization_idx=0.0000
2026-01-28 00:43:49,765 [INFO] 
==================================================
2026-01-28 00:43:49,765 [INFO] Pair: sentiment → linear_2x
2026-01-28 00:43:49,766 [INFO] ==================================================
2026-01-28 00:43:49,766 [INFO]   Extracting source vectors at all 28 layers...
2026-01-28 00:44:12,490 [INFO]   Layer  0: transfer_rate=0.00
2026-01-28 00:44:14,624 [INFO]   Layer  1: transfer_rate=0.00
2026-01-28 00:44:16,743 [INFO]   Layer  2: transfer_rate=0.00
2026-01-28 00:44:18,890 [INFO]   Layer  3: transfer_rate=0.00
2026-01-28 00:44:21,052 [INFO]   Layer  4: transfer_rate=0.00
2026-01-28 00:44:23,199 [INFO]   Layer  5: transfer_rate=0.00
2026-01-28 00:44:25,351 [INFO]   Layer  6: transfer_rate=0.00
2026-01-28 00:44:27,500 [INFO]   Layer  7: transfer_rate=0.00
2026-01-28 00:44:29,654 [INFO]   Layer  8: transfer_rate=0.00
2026-01-28 00:44:31,791 [INFO]   Layer  9: transfer_rate=0.00
2026-01-28 00:44:33,941 [INFO]   Layer 10: transfer_rate=0.00
2026-01-28 00:44:36,089 [INFO]   Layer 11: transfer_rate=0.00
2026-01-28 00:44:38,222 [INFO]   Layer 12: transfer_rate=0.00
2026-01-28 00:44:40,339 [INFO]   Layer 13: transfer_rate=0.00
2026-01-28 00:44:42,491 [INFO]   Layer 14: transfer_rate=0.00
2026-01-28 00:44:44,621 [INFO]   Layer 15: transfer_rate=0.00
2026-01-28 00:44:46,759 [INFO]   Layer 16: transfer_rate=0.00
2026-01-28 00:44:48,907 [INFO]   Layer 17: transfer_rate=0.00
2026-01-28 00:44:51,048 [INFO]   Layer 18: transfer_rate=0.00
2026-01-28 00:44:53,175 [INFO]   Layer 19: transfer_rate=0.00
2026-01-28 00:44:55,295 [INFO]   Layer 20: transfer_rate=0.00
2026-01-28 00:44:57,498 [INFO]   Layer 21: transfer_rate=0.00
2026-01-28 00:44:59,689 [INFO]   Layer 22: transfer_rate=0.00
2026-01-28 00:45:01,837 [INFO]   Layer 23: transfer_rate=0.00
2026-01-28 00:45:04,013 [INFO]   Layer 24: transfer_rate=0.00
2026-01-28 00:45:06,220 [INFO]   Layer 25: transfer_rate=0.00
2026-01-28 00:45:08,395 [INFO]   Layer 26: transfer_rate=0.00
2026-01-28 00:45:10,584 [INFO]   Layer 27: transfer_rate=0.00
2026-01-28 00:45:10,585 [INFO]   Peak: layer=0, rate=0.00, localization_idx=0.0000
2026-01-28 00:45:10,585 [INFO] 
==================================================
2026-01-28 00:45:10,585 [INFO] Pair: first_letter → antonym
2026-01-28 00:45:10,585 [INFO] ==================================================
2026-01-28 00:45:10,585 [INFO]   Extracting source vectors at all 28 layers...
2026-01-28 00:45:33,219 [INFO]   Layer  0: transfer_rate=0.00
2026-01-28 00:45:34,742 [INFO]   Layer  1: transfer_rate=0.00
2026-01-28 00:45:36,258 [INFO]   Layer  2: transfer_rate=0.00
2026-01-28 00:45:37,785 [INFO]   Layer  3: transfer_rate=0.00
2026-01-28 00:45:39,330 [INFO]   Layer  4: transfer_rate=0.00
2026-01-28 00:45:40,863 [INFO]   Layer  5: transfer_rate=0.00
2026-01-28 00:45:42,376 [INFO]   Layer  6: transfer_rate=0.00
2026-01-28 00:45:43,887 [INFO]   Layer  7: transfer_rate=0.00
2026-01-28 00:45:45,388 [INFO]   Layer  8: transfer_rate=0.00
2026-01-28 00:45:46,891 [INFO]   Layer  9: transfer_rate=0.00
2026-01-28 00:45:48,403 [INFO]   Layer 10: transfer_rate=0.00
2026-01-28 00:45:49,918 [INFO]   Layer 11: transfer_rate=0.00
2026-01-28 00:45:51,434 [INFO]   Layer 12: transfer_rate=0.00
2026-01-28 00:45:52,968 [INFO]   Layer 13: transfer_rate=0.00
2026-01-28 00:45:54,500 [INFO]   Layer 14: transfer_rate=0.00
2026-01-28 00:45:56,016 [INFO]   Layer 15: transfer_rate=0.00
2026-01-28 00:45:57,536 [INFO]   Layer 16: transfer_rate=0.00
2026-01-28 00:45:59,031 [INFO]   Layer 17: transfer_rate=0.00
2026-01-28 00:46:00,519 [INFO]   Layer 18: transfer_rate=0.00
2026-01-28 00:46:02,013 [INFO]   Layer 19: transfer_rate=0.00
2026-01-28 00:46:03,499 [INFO]   Layer 20: transfer_rate=0.00
2026-01-28 00:46:04,973 [INFO]   Layer 21: transfer_rate=0.00
2026-01-28 00:46:06,445 [INFO]   Layer 22: transfer_rate=0.00
2026-01-28 00:46:07,926 [INFO]   Layer 23: transfer_rate=0.00
2026-01-28 00:46:09,417 [INFO]   Layer 24: transfer_rate=0.00
2026-01-28 00:46:10,907 [INFO]   Layer 25: transfer_rate=0.00
2026-01-28 00:46:12,406 [INFO]   Layer 26: transfer_rate=0.00
2026-01-28 00:46:13,895 [INFO]   Layer 27: transfer_rate=0.00
2026-01-28 00:46:13,896 [INFO]   Peak: layer=0, rate=0.00, localization_idx=0.0000
2026-01-28 00:46:13,899 [INFO] 
Results saved to results/phase5
2026-01-28 00:46:13,899 [INFO] Phase 5 complete: 2026-01-28T00:46:13.899475
