2026-01-28 23:18:42,744 [INFO] Experiment 13: Instance-Level Analysis
2026-01-28 23:18:42,745 [INFO] Start: 2026-01-28T23:18:42.745029
2026-01-29 00:16:35,143 [INFO] Experiment 13: Instance-Level Analysis
2026-01-29 00:16:35,143 [INFO] Start: 2026-01-29T00:16:35.143936
2026-01-29 00:16:51,261 [INFO] ============================================================
2026-01-29 00:16:51,261 [INFO] Part A: Instance-Level Transfer Analysis
2026-01-29 00:16:51,262 [INFO] ============================================================
2026-01-29 00:16:51,262 [INFO] 
Transfer: uppercase → first_letter
2026-01-29 00:17:49,802 [INFO]   Transfer rate: 0.00 (0/20)
2026-01-29 00:17:49,803 [INFO] 
Transfer: uppercase → sentiment
2026-01-29 00:18:48,017 [INFO]   Transfer rate: 0.00 (0/20)
2026-01-29 00:18:48,017 [INFO] 
Transfer: linear_2x → length
2026-01-29 00:19:19,905 [INFO] Experiment 13: Instance-Level Analysis
2026-01-29 00:19:19,905 [INFO] Start: 2026-01-29T00:19:19.905202
2026-01-29 00:19:40,827 [INFO] ============================================================
2026-01-29 00:19:40,828 [INFO] Part A: Instance-Level Transfer Analysis
2026-01-29 00:19:40,828 [INFO] ============================================================
2026-01-29 00:19:40,828 [INFO] 
Transfer: uppercase → first_letter
2026-01-29 00:20:39,627 [INFO]   Transfer rate: 0.00 (0/20)
2026-01-29 00:20:39,628 [INFO] 
Transfer: uppercase → sentiment
2026-01-29 00:21:37,644 [INFO]   Transfer rate: 0.00 (0/20)
2026-01-29 00:21:37,645 [INFO] 
Transfer: repeat_word → first_letter
2026-01-29 00:22:36,113 [INFO]   Transfer rate: 0.00 (0/20)
2026-01-29 00:22:36,114 [INFO] 
Transfer: pattern_completion → repeat_word
2026-01-29 00:22:39,094 [INFO]   TRANSFER: 'honey' → 'honey honey' (source task behavior)
2026-01-29 00:22:41,956 [INFO]   TRANSFER: 'frost' → 'frost frost' (source task behavior)
2026-01-29 00:22:44,781 [INFO]   TRANSFER: 'badge' → 'badge badge' (source task behavior)
2026-01-29 00:22:47,692 [INFO]   TRANSFER: 'stone' → 'stone stone' (source task behavior)
2026-01-29 00:22:50,600 [INFO]   TRANSFER: 'lemon' → 'lemon lemon' (source task behavior)
2026-01-29 00:22:53,528 [INFO]   TRANSFER: 'fjord' → 'fjord fjord' (source task behavior)
2026-01-29 00:22:56,418 [INFO]   TRANSFER: 'ivory' → 'ivory ivory' (source task behavior)
2026-01-29 00:22:59,251 [INFO]   TRANSFER: 'queen' → 'queen queen' (source task behavior)
2026-01-29 00:23:02,045 [INFO]   TRANSFER: 'lunar' → 'lunar lunar' (source task behavior)
2026-01-29 00:23:04,962 [INFO]   TRANSFER: 'youth' → 'youth youth' (source task behavior)
2026-01-29 00:23:07,934 [INFO]   TRANSFER: 'noble' → 'noble noble' (source task behavior)
2026-01-29 00:23:10,902 [INFO]   TRANSFER: 'dream' → 'dream dream' (source task behavior)
2026-01-29 00:23:13,778 [INFO]   TRANSFER: 'tower' → 'tower tower' (source task behavior)
2026-01-29 00:23:16,681 [INFO]   TRANSFER: 'knife' → 'knife knife' (source task behavior)
2026-01-29 00:23:19,585 [INFO]   TRANSFER: 'vivid' → 'vivid vivid' (source task behavior)
2026-01-29 00:23:22,433 [INFO]   TRANSFER: 'urban' → 'urban urban' (source task behavior)
2026-01-29 00:23:25,434 [INFO]   TRANSFER: 'river' → 'river river' (source task behavior)
2026-01-29 00:23:28,402 [INFO]   TRANSFER: 'globe' → 'globe globe' (source task behavior)
2026-01-29 00:23:31,367 [INFO]   TRANSFER: 'robin' → 'robin robin' (source task behavior)
2026-01-29 00:23:34,364 [INFO]   TRANSFER: 'grape' → 'grape grape' (source task behavior)
2026-01-29 00:23:34,365 [INFO]   Transfer rate: 1.00 (20/20)
2026-01-29 00:23:34,365 [INFO] 
============================================================
2026-01-29 00:23:34,365 [INFO] Part B: Input Characteristics Analysis
2026-01-29 00:23:34,365 [INFO] ============================================================
2026-01-29 00:23:34,365 [INFO] 
uppercase → first_letter:
2026-01-29 00:23:34,366 [INFO]   Non-transferred (20): avg input len = 5.0
2026-01-29 00:23:34,366 [INFO]     Examples: ['honey', 'frost', 'badge']
2026-01-29 00:23:34,366 [INFO] 
uppercase → sentiment:
2026-01-29 00:23:34,366 [INFO]   Non-transferred (20): avg input len = 7.7
2026-01-29 00:23:34,366 [INFO]     Examples: ['disgusted', 'depressed', 'gloomy']
2026-01-29 00:23:34,366 [INFO] 
repeat_word → first_letter:
2026-01-29 00:23:34,367 [INFO]   Non-transferred (20): avg input len = 5.0
2026-01-29 00:23:34,367 [INFO]     Examples: ['crane', 'pixel', 'uncle']
2026-01-29 00:23:34,367 [INFO] 
pattern_completion → repeat_word:
2026-01-29 00:23:34,367 [INFO]   Transferred (20): avg input len = 5.0
2026-01-29 00:23:34,367 [INFO]     Examples: ['honey', 'frost', 'badge']
2026-01-29 00:23:34,367 [INFO] 
============================================================
2026-01-29 00:23:34,367 [INFO] Part C: Output Format Analysis
2026-01-29 00:23:34,367 [INFO] ============================================================
2026-01-29 00:23:34,367 [INFO] 
uppercase → first_letter:
2026-01-29 00:23:34,367 [INFO]   Output types: {'numeric': 0, 'word': 20, 'phrase': 0, 'other': 0}
2026-01-29 00:23:34,367 [INFO] 
uppercase → sentiment:
2026-01-29 00:23:34,368 [INFO]   Output types: {'numeric': 0, 'word': 14, 'phrase': 6, 'other': 0}
2026-01-29 00:23:34,368 [INFO] 
repeat_word → first_letter:
2026-01-29 00:23:34,368 [INFO]   Output types: {'numeric': 0, 'word': 20, 'phrase': 0, 'other': 0}
2026-01-29 00:23:34,368 [INFO] 
pattern_completion → repeat_word:
2026-01-29 00:23:34,368 [INFO]   Output types: {'numeric': 0, 'word': 0, 'phrase': 20, 'other': 0}
2026-01-29 00:23:34,368 [INFO] 
============================================================
2026-01-29 00:23:34,368 [INFO] SUMMARY
2026-01-29 00:23:34,368 [INFO] ============================================================
2026-01-29 00:23:34,368 [INFO]   uppercase → first_letter: 0.00
2026-01-29 00:23:34,368 [INFO]   uppercase → sentiment: 0.00
2026-01-29 00:23:34,368 [INFO]   repeat_word → first_letter: 0.00
2026-01-29 00:23:34,368 [INFO]   pattern_completion → repeat_word: 1.00
2026-01-29 00:23:34,371 [INFO] 
Results saved to results/exp13
2026-01-29 00:23:34,371 [INFO] Experiment 13 complete: 2026-01-29T00:23:34.371498
